<?xml version="1.0" encoding="UTF-8"?>
<!-- Generated by org.testng.reporters.JUnitReportReporter -->
<testsuite name="com.dingzhi.testng.groups.GroupOnMethod" tests="4" time="0.001" ignored="0" failures="0" timestamp="17 四月 2020 05:23:21 GMT" skipped="0" hostname="丁枝" errors="0">
  <testcase name="test3" time="0.001" classname="com.dingzhi.testng.groups.GroupOnMethod"/>
  <testcase name="test2" time="0.000" classname="com.dingzhi.testng.groups.GroupOnMethod"/>
  <testcase name="test1" time="0.000" classname="com.dingzhi.testng.groups.GroupOnMethod"/>
  <testcase name="test4" time="0.000" classname="com.dingzhi.testng.groups.GroupOnMethod"/>
</testsuite> <!-- com.dingzhi.testng.groups.GroupOnMethod -->
