<?xml version="1.0" encoding="UTF-8"?>
<!-- Generated by org.testng.reporters.JUnitReportReporter -->
<testsuite name="com.course.cases.LoginTest" tests="1" time="0.980" ignored="1" failures="0" timestamp="19 Apr 2020 14:03:14 GMT" skipped="0" hostname="丁枝" errors="0">
  <testcase name="loginTrue" time="0.980" classname="com.course.cases.LoginTest"/>
  <testcase name="loginFalse" classname="com.course.cases.LoginTest">
    <skipped/>
  </testcase> <!-- loginFalse -->
</testsuite> <!-- com.course.cases.LoginTest -->
