<?xml version="1.0" encoding="UTF-8"?>
<!-- Generated by org.testng.reporters.JUnitReportReporter -->
<testsuite skipped="0" hostname="丁枝" name="com.course.httpclient.demo.MyHttpClient" tests="1" failures="0" timestamp="2020-04-07T18:51:42 CST" time="0.621" errors="0">
  <testcase name="test1" time="0.621" classname="com.course.httpclient.demo.MyHttpClient"/>
  <system-out/>
</testsuite> <!-- com.course.httpclient.demo.MyHttpClient -->
