<?xml version="1.0" encoding="UTF-8"?>
<!-- Generated by org.testng.reporters.JUnitReportReporter -->
<testsuite skipped="0" hostname="丁枝" name="com.course.httpclient.cookies.MyCookiesForGet" tests="2" failures="0" timestamp="2020-04-08T02:34:09 CST" time="0.624" errors="0">
  <testcase name="testGetWithCookies" time="0.020" classname="com.course.httpclient.cookies.MyCookiesForGet"/>
  <system-out/>
  <testcase name="testGetCookies" time="0.604" classname="com.course.httpclient.cookies.MyCookiesForGet"/>
  <system-out/>
</testsuite> <!-- com.course.httpclient.cookies.MyCookiesForGet -->
