<?xml version="1.0" encoding="UTF-8"?>
<!-- Generated by org.testng.reporters.JUnitReportReporter -->
<testsuite skipped="0" hostname="丁枝" name="com.course.httpclient.cookies.MyCookiesForPost" tests="2" failures="0" timestamp="2020-04-09T01:52:54 CST" time="0.578" errors="0">
  <testcase name="testPostMethod" time="0.012" classname="com.course.httpclient.cookies.MyCookiesForPost"/>
  <system-out/>
  <testcase name="testPostCookies" time="0.566" classname="com.course.httpclient.cookies.MyCookiesForPost"/>
  <system-out/>
</testsuite> <!-- com.course.httpclient.cookies.MyCookiesForPost -->
